This is pdfTeX, Version 3.14159265-2.6-1.40.20 (TeX Live 2019) (preloaded format=pdflatex 2019.5.31)  8 JUN 2019 10:41
entering extended mode
 restricted \write18 enabled.
 %&-line parsing enabled.
**others.tex
(./others.tex
LaTeX2e <2018-12-01>
(/usr/local/texlive/2019/texmf-dist/tex/latex/base/book.cls
Document Class: book 2018/09/03 v1.4i Standard LaTeX document class
(/usr/local/texlive/2019/texmf-dist/tex/latex/base/bk10.clo
File: bk10.clo 2018/09/03 v1.4i Standard LaTeX file (size option)
)
\c@part=\count80
\c@chapter=\count81
\c@section=\count82
\c@subsection=\count83
\c@subsubsection=\count84
\c@paragraph=\count85
\c@subparagraph=\count86
\c@figure=\count87
\c@table=\count88
\abovecaptionskip=\skip41
\belowcaptionskip=\skip42
\bibindent=\dimen102
)
(/usr/local/texlive/2019/texmf-dist/tex/latex/listings/listings.sty
(/usr/local/texlive/2019/texmf-dist/tex/latex/graphics/keyval.sty
Package: keyval 2014/10/28 v1.15 key=value parser (DPC)
\KV@toks@=\toks14
)
\lst@mode=\count89
\lst@gtempboxa=\box27
\lst@token=\toks15
\lst@length=\count90
\lst@currlwidth=\dimen103
\lst@column=\count91
\lst@pos=\count92
\lst@lostspace=\dimen104
\lst@width=\dimen105
\lst@newlines=\count93
\lst@lineno=\count94
\lst@maxwidth=\dimen106

(/usr/local/texlive/2019/texmf-dist/tex/latex/listings/lstmisc.sty
File: lstmisc.sty 2019/02/27 1.8b (Carsten Heinz)
\c@lstnumber=\count95
\lst@skipnumbers=\count96
\lst@framebox=\box28
)
(/usr/local/texlive/2019/texmf-dist/tex/latex/listings/listings.cfg
File: listings.cfg 2019/02/27 1.8b listings configuration
))
Package: listings 2019/02/27 1.8b (Carsten Heinz)

(/usr/local/texlive/2019/texmf-dist/tex/latex/hyperref/hyperref.sty
Package: hyperref 2018/11/30 v6.88e Hypertext links for LaTeX

(/usr/local/texlive/2019/texmf-dist/tex/generic/oberdiek/hobsub-hyperref.sty
Package: hobsub-hyperref 2016/05/16 v1.14 Bundle oberdiek, subset hyperref (HO)


(/usr/local/texlive/2019/texmf-dist/tex/generic/oberdiek/hobsub-generic.sty
Package: hobsub-generic 2016/05/16 v1.14 Bundle oberdiek, subset generic (HO)
Package: hobsub 2016/05/16 v1.14 Construct package bundles (HO)
Package: infwarerr 2016/05/16 v1.4 Providing info/warning/error messages (HO)
Package: ltxcmds 2016/05/16 v1.23 LaTeX kernel commands for general use (HO)
Package: ifluatex 2016/05/16 v1.4 Provides the ifluatex switch (HO)
Package ifluatex Info: LuaTeX not detected.
Package: ifvtex 2016/05/16 v1.6 Detect VTeX and its facilities (HO)
Package ifvtex Info: VTeX not detected.
Package: intcalc 2016/05/16 v1.2 Expandable calculations with integers (HO)
Package: ifpdf 2018/09/07 v3.3 Provides the ifpdf switch
Package: etexcmds 2016/05/16 v1.6 Avoid name clashes with e-TeX commands (HO)
Package: kvsetkeys 2016/05/16 v1.17 Key value parser (HO)
Package: kvdefinekeys 2016/05/16 v1.4 Define keys (HO)
Package: pdftexcmds 2018/09/10 v0.29 Utility functions of pdfTeX for LuaTeX (HO
)
Package pdftexcmds Info: LuaTeX not detected.
Package pdftexcmds Info: \pdf@primitive is available.
Package pdftexcmds Info: \pdf@ifprimitive is available.
Package pdftexcmds Info: \pdfdraftmode found.
Package: pdfescape 2016/05/16 v1.14 Implements pdfTeX's escape features (HO)
Package: bigintcalc 2016/05/16 v1.4 Expandable calculations on big integers (HO
)
Package: bitset 2016/05/16 v1.2 Handle bit-vector datatype (HO)
Package: uniquecounter 2016/05/16 v1.3 Provide unlimited unique counter (HO)
)
Package hobsub Info: Skipping package `hobsub' (already loaded).
Package: letltxmacro 2016/05/16 v1.5 Let assignment for LaTeX macros (HO)
Package: hopatch 2016/05/16 v1.3 Wrapper for package hooks (HO)
Package: xcolor-patch 2016/05/16 xcolor patch
Package: atveryend 2016/05/16 v1.9 Hooks at the very end of document (HO)
Package atveryend Info: \enddocument detected (standard20110627).
Package: atbegshi 2016/06/09 v1.18 At begin shipout hook (HO)
Package: refcount 2016/05/16 v3.5 Data extraction from label references (HO)
Package: hycolor 2016/05/16 v1.8 Color options for hyperref/bookmark (HO)
)
(/usr/local/texlive/2019/texmf-dist/tex/generic/ifxetex/ifxetex.sty
Package: ifxetex 2010/09/12 v0.6 Provides ifxetex conditional
)
(/usr/local/texlive/2019/texmf-dist/tex/latex/oberdiek/auxhook.sty
Package: auxhook 2016/05/16 v1.4 Hooks for auxiliary files (HO)
)
(/usr/local/texlive/2019/texmf-dist/tex/latex/oberdiek/kvoptions.sty
Package: kvoptions 2016/05/16 v3.12 Key value format for package options (HO)
)
\@linkdim=\dimen107
\Hy@linkcounter=\count97
\Hy@pagecounter=\count98

(/usr/local/texlive/2019/texmf-dist/tex/latex/hyperref/pd1enc.def
File: pd1enc.def 2018/11/30 v6.88e Hyperref: PDFDocEncoding definition (HO)
Now handling font encoding PD1 ...
... no UTF-8 mapping file for font encoding PD1
)
\Hy@SavedSpaceFactor=\count99

(/usr/local/texlive/2019/texmf-dist/tex/latex/latexconfig/hyperref.cfg
File: hyperref.cfg 2002/06/06 v1.2 hyperref configuration of TeXLive
)
Package hyperref Info: Hyper figures OFF on input line 4519.
Package hyperref Info: Link nesting OFF on input line 4524.
Package hyperref Info: Hyper index ON on input line 4527.
Package hyperref Info: Plain pages OFF on input line 4534.
Package hyperref Info: Backreferencing OFF on input line 4539.
Package hyperref Info: Implicit mode ON; LaTeX internals redefined.
Package hyperref Info: Bookmarks ON on input line 4772.
\c@Hy@tempcnt=\count100

(/usr/local/texlive/2019/texmf-dist/tex/latex/url/url.sty
\Urlmuskip=\muskip10
Package: url 2013/09/16  ver 3.4  Verb mode for urls, etc.
)
LaTeX Info: Redefining \url on input line 5125.
\XeTeXLinkMargin=\dimen108
\Fld@menulength=\count101
\Field@Width=\dimen109
\Fld@charsize=\dimen110
Package hyperref Info: Hyper figures OFF on input line 6380.
Package hyperref Info: Link nesting OFF on input line 6385.
Package hyperref Info: Hyper index ON on input line 6388.
Package hyperref Info: backreferencing OFF on input line 6395.
Package hyperref Info: Link coloring OFF on input line 6400.
Package hyperref Info: Link coloring with OCG OFF on input line 6405.
Package hyperref Info: PDF/A mode OFF on input line 6410.
LaTeX Info: Redefining \ref on input line 6450.
LaTeX Info: Redefining \pageref on input line 6454.
\Hy@abspage=\count102
\c@Item=\count103
\c@Hfootnote=\count104
)
Package hyperref Info: Driver (autodetected): hpdftex.

(/usr/local/texlive/2019/texmf-dist/tex/latex/hyperref/hpdftex.def
File: hpdftex.def 2018/11/30 v6.88e Hyperref driver for pdfTeX
\Fld@listcount=\count105
\c@bookmark@seq@number=\count106

(/usr/local/texlive/2019/texmf-dist/tex/latex/oberdiek/rerunfilecheck.sty
Package: rerunfilecheck 2016/05/16 v1.8 Rerun checks for auxiliary files (HO)
Package uniquecounter Info: New unique counter `rerunfilecheck' on input line 2
82.
)
\Hy@SectionHShift=\skip43
)
(/usr/local/texlive/2019/texmf-dist/tex/latex/tools/verbatim.sty
Package: verbatim 2014/10/28 v1.5q LaTeX2e package for verbatim enhancements
\every@verbatim=\toks16
\verbatim@line=\toks17
\verbatim@in@stream=\read1
)
(/usr/local/texlive/2019/texmf-dist/tex/latex/amsmath/amsmath.sty
Package: amsmath 2018/12/01 v2.17b AMS math features
\@mathmargin=\skip44

For additional information on amsmath, use the `?' option.
(/usr/local/texlive/2019/texmf-dist/tex/latex/amsmath/amstext.sty
Package: amstext 2000/06/29 v2.01 AMS text

(/usr/local/texlive/2019/texmf-dist/tex/latex/amsmath/amsgen.sty
File: amsgen.sty 1999/11/30 v2.0 generic functions
\@emptytoks=\toks18
\ex@=\dimen111
))
(/usr/local/texlive/2019/texmf-dist/tex/latex/amsmath/amsbsy.sty
Package: amsbsy 1999/11/29 v1.2d Bold Symbols
\pmbraise@=\dimen112
)
(/usr/local/texlive/2019/texmf-dist/tex/latex/amsmath/amsopn.sty
Package: amsopn 2016/03/08 v2.02 operator names
)
\inf@bad=\count107
LaTeX Info: Redefining \frac on input line 223.
\uproot@=\count108
\leftroot@=\count109
LaTeX Info: Redefining \overline on input line 385.
\classnum@=\count110
\DOTSCASE@=\count111
LaTeX Info: Redefining \ldots on input line 482.
LaTeX Info: Redefining \dots on input line 485.
LaTeX Info: Redefining \cdots on input line 606.
\Mathstrutbox@=\box29
\strutbox@=\box30
\big@size=\dimen113
LaTeX Font Info:    Redeclaring font encoding OML on input line 729.
LaTeX Font Info:    Redeclaring font encoding OMS on input line 730.
\macc@depth=\count112
\c@MaxMatrixCols=\count113
\dotsspace@=\muskip11
\c@parentequation=\count114
\dspbrk@lvl=\count115
\tag@help=\toks19
\row@=\count116
\column@=\count117
\maxfields@=\count118
\andhelp@=\toks20
\eqnshift@=\dimen114
\alignsep@=\dimen115
\tagshift@=\dimen116
\tagwidth@=\dimen117
\totwidth@=\dimen118
\lineht@=\dimen119
\@envbody=\toks21
\multlinegap=\skip45
\multlinetaggap=\skip46
\mathdisplay@stack=\toks22
LaTeX Info: Redefining \[ on input line 2844.
LaTeX Info: Redefining \] on input line 2845.
)
(/usr/local/texlive/2019/texmf-dist/tex/latex/biblatex/biblatex.sty
Package: biblatex 2018/11/02 v3.12 programmable bibliographies (PK/MW)

(/usr/local/texlive/2019/texmf-dist/tex/latex/etoolbox/etoolbox.sty
Package: etoolbox 2018/08/19 v2.5f e-TeX tools for LaTeX (JAW)
\etb@tempcnta=\count119
)
(/usr/local/texlive/2019/texmf-dist/tex/latex/logreq/logreq.sty
Package: logreq 2010/08/04 v1.0 xml request logger
\lrq@indent=\count120

(/usr/local/texlive/2019/texmf-dist/tex/latex/logreq/logreq.def
File: logreq.def 2010/08/04 v1.0 logreq spec v1.0
))
(/usr/local/texlive/2019/texmf-dist/tex/latex/base/ifthen.sty
Package: ifthen 2014/09/29 v1.1c Standard LaTeX ifthen package (DPC)
)
\c@tabx@nest=\count121
\c@listtotal=\count122
\c@listcount=\count123
\c@liststart=\count124
\c@liststop=\count125
\c@citecount=\count126
\c@citetotal=\count127
\c@multicitecount=\count128
\c@multicitetotal=\count129
\c@instcount=\count130
\c@maxnames=\count131
\c@minnames=\count132
\c@maxitems=\count133
\c@minitems=\count134
\c@citecounter=\count135
\c@maxcitecounter=\count136
\c@savedcitecounter=\count137
\c@uniquelist=\count138
\c@uniquename=\count139
\c@refsection=\count140
\c@refsegment=\count141
\c@maxextratitle=\count142
\c@maxextratitleyear=\count143
\c@maxextraname=\count144
\c@maxextradate=\count145
\c@maxextraalpha=\count146
\c@abbrvpenalty=\count147
\c@highnamepenalty=\count148
\c@lownamepenalty=\count149
\c@maxparens=\count150
\c@parenlevel=\count151
\blx@tempcnta=\count152
\blx@tempcntb=\count153
\blx@tempcntc=\count154
\blx@maxsection=\count155
\blx@maxsegment@0=\count156
\blx@notetype=\count157
\blx@parenlevel@text=\count158
\blx@parenlevel@foot=\count159
\blx@sectionciteorder@0=\count160
\blx@entrysetcounter=\count161
\labelnumberwidth=\skip47
\labelalphawidth=\skip48
\biblabelsep=\skip49
\bibitemsep=\skip50
\bibnamesep=\skip51
\bibinitsep=\skip52
\bibparsep=\skip53
\bibhang=\skip54
\blx@bcfin=\read2
\blx@bcfout=\write3
\c@mincomprange=\count162
\c@maxcomprange=\count163
\c@mincompwidth=\count164
Package biblatex Info: Trying to load biblatex default data model...
Package biblatex Info: ... file 'blx-dm.def' found.

(/usr/local/texlive/2019/texmf-dist/tex/latex/biblatex/blx-dm.def
File: blx-dm.def 2018/11/02 v3.12 biblatex localization (PK/MW)
)
Package biblatex Info: Trying to load biblatex style data model...
Package biblatex Info: ... file 'numeric-comp.dbx' not found.
Package biblatex Info: Trying to load biblatex custom data model...
Package biblatex Info: ... file 'biblatex-dm.cfg' not found.
\c@afterword=\count165
\c@savedafterword=\count166
\c@annotator=\count167
\c@savedannotator=\count168
\c@author=\count169
\c@savedauthor=\count170
\c@bookauthor=\count171
\c@savedbookauthor=\count172
\c@commentator=\count173
\c@savedcommentator=\count174
\c@editor=\count175
\c@savededitor=\count176
\c@editora=\count177
\c@savededitora=\count178
\c@editorb=\count179
\c@savededitorb=\count180
\c@editorc=\count181
\c@savededitorc=\count182
\c@foreword=\count183
\c@savedforeword=\count184
\c@holder=\count185
\c@savedholder=\count186
\c@introduction=\count187
\c@savedintroduction=\count188
\c@namea=\count189
\c@savednamea=\count190
\c@nameb=\count191
\c@savednameb=\count192
\c@namec=\count193
\c@savednamec=\count194
\c@translator=\count195
\c@savedtranslator=\count196
\c@shortauthor=\count197
\c@savedshortauthor=\count198
\c@shorteditor=\count199
\c@savedshorteditor=\count266
\c@labelname=\count267
\c@savedlabelname=\count268
\c@institution=\count269
\c@savedinstitution=\count270
\c@lista=\count271
\c@savedlista=\count272
\c@listb=\count273
\c@savedlistb=\count274
\c@listc=\count275
\c@savedlistc=\count276
\c@listd=\count277
\c@savedlistd=\count278
\c@liste=\count279
\c@savedliste=\count280
\c@listf=\count281
\c@savedlistf=\count282
\c@location=\count283
\c@savedlocation=\count284
\c@organization=\count285
\c@savedorganization=\count286
\c@origlocation=\count287
\c@savedoriglocation=\count288
\c@origpublisher=\count289
\c@savedorigpublisher=\count290
\c@publisher=\count291
\c@savedpublisher=\count292
\c@language=\count293
\c@savedlanguage=\count294
\c@origlanguage=\count295
\c@savedoriglanguage=\count296
\c@pageref=\count297
\c@savedpageref=\count298
\shorthandwidth=\skip55
\shortjournalwidth=\skip56
\shortserieswidth=\skip57
\shorttitlewidth=\skip58
\shortauthorwidth=\skip59
\shorteditorwidth=\skip60
\locallabelnumberwidth=\skip61
\locallabelalphawidth=\skip62
\localshorthandwidth=\skip63
\localshortjournalwidth=\skip64
\localshortserieswidth=\skip65
\localshorttitlewidth=\skip66
\localshortauthorwidth=\skip67
\localshorteditorwidth=\skip68
Package biblatex Info: Trying to load compatibility code...
Package biblatex Info: ... file 'blx-compat.def' found.

(/usr/local/texlive/2019/texmf-dist/tex/latex/biblatex/blx-compat.def
File: blx-compat.def 2018/11/02 v3.12 biblatex compatibility (PK/MW)
)
Package biblatex Info: Trying to load BibTeX backend compatibility...
Package biblatex Info: ... file 'blx-bibtex.def' found.

(/usr/local/texlive/2019/texmf-dist/tex/latex/biblatex/blx-bibtex.def
File: blx-bibtex.def 2018/11/02 v3.12 biblatex compatibility (PK/MW)


Package biblatex Warning: Using fall-back BibTeX(8) backend:
(biblatex)                functionality may be reduced/unavailable.

)
Package biblatex Info: Trying to load generic definitions...
Package biblatex Info: ... file 'biblatex.def' found.
 (/usr/local/texlive/2019/texmf-dist/tex/latex/biblatex/biblatex.def
File: biblatex.def 2018/11/02 v3.12 biblatex compatibility (PK/MW)
\c@textcitecount=\count299
\c@textcitetotal=\count300
\c@textcitemaxnames=\count301
\c@biburlnumpenalty=\count302
\c@biburlucpenalty=\count303
\c@biburllcpenalty=\count304
\c@smartand=\count305
)
Package biblatex Info: Trying to load bibliography style 'numeric-comp'...
Package biblatex Info: ... file 'numeric-comp.bbx' found.

(/usr/local/texlive/2019/texmf-dist/tex/latex/biblatex/bbx/numeric-comp.bbx
File: numeric-comp.bbx 2018/11/02 v3.12 biblatex bibliography style (PK/MW)
Package biblatex Info: Trying to load bibliography style 'numeric'...
Package biblatex Info: ... file 'numeric.bbx' found.

(/usr/local/texlive/2019/texmf-dist/tex/latex/biblatex/bbx/numeric.bbx
File: numeric.bbx 2018/11/02 v3.12 biblatex bibliography style (PK/MW)
Package biblatex Info: Trying to load bibliography style 'standard'...
Package biblatex Info: ... file 'standard.bbx' found.

(/usr/local/texlive/2019/texmf-dist/tex/latex/biblatex/bbx/standard.bbx
File: standard.bbx 2018/11/02 v3.12 biblatex bibliography style (PK/MW)
\c@bbx:relatedcount=\count306
\c@bbx:relatedtotal=\count307
)))
Package biblatex Info: Trying to load citation style 'numeric-comp'...
Package biblatex Info: ... file 'numeric-comp.cbx' found.

(/usr/local/texlive/2019/texmf-dist/tex/latex/biblatex/cbx/numeric-comp.cbx
File: numeric-comp.cbx 2018/11/02 v3.12 biblatex citation style (PK/MW)
\c@cbx@tempcnta=\count308
\c@cbx@tempcntb=\count309
Package biblatex Info: Redefining '\cite'.
Package biblatex Info: Redefining '\parencite'.
Package biblatex Info: Redefining '\footcite'.
Package biblatex Info: Redefining '\footcitetext'.
Package biblatex Info: Redefining '\smartcite'.
Package biblatex Info: Redefining '\supercite'.
Package biblatex Info: Redefining '\textcite'.
Package biblatex Info: Redefining '\textcites'.
Package biblatex Info: Redefining '\cites'.
Package biblatex Info: Redefining '\parencites'.
Package biblatex Info: Redefining '\smartcites'.
)
Package biblatex Info: Trying to load configuration file...
Package biblatex Info: ... file 'biblatex.cfg' found.

(/usr/local/texlive/2019/texmf-dist/tex/latex/biblatex/biblatex.cfg
File: biblatex.cfg 
))
(/usr/local/texlive/2019/texmf-dist/tex/latex/graphics/graphicx.sty
Package: graphicx 2017/06/01 v1.1a Enhanced LaTeX Graphics (DPC,SPQR)

(/usr/local/texlive/2019/texmf-dist/tex/latex/graphics/graphics.sty
Package: graphics 2017/06/25 v1.2c Standard LaTeX Graphics (DPC,SPQR)

(/usr/local/texlive/2019/texmf-dist/tex/latex/graphics/trig.sty
Package: trig 2016/01/03 v1.10 sin cos tan (DPC)
)
(/usr/local/texlive/2019/texmf-dist/tex/latex/graphics-cfg/graphics.cfg
File: graphics.cfg 2016/06/04 v1.11 sample graphics configuration
)
Package graphics Info: Driver file: pdftex.def on input line 99.

(/usr/local/texlive/2019/texmf-dist/tex/latex/graphics-def/pdftex.def
File: pdftex.def 2018/01/08 v1.0l Graphics/color driver for pdftex
))
\Gin@req@height=\dimen120
\Gin@req@width=\dimen121
)
(/usr/local/texlive/2019/texmf-dist/tex/latex/caption/subcaption.sty
Package: subcaption 2018/05/01 v1.1-162 Sub-captions (AR)

(/usr/local/texlive/2019/texmf-dist/tex/latex/caption/caption.sty
Package: caption 2018/10/06 v3.3-154 Customizing captions (AR)

(/usr/local/texlive/2019/texmf-dist/tex/latex/caption/caption3.sty
Package: caption3 2018/09/12 v1.8c caption3 kernel (AR)
Package caption3 Info: TeX engine: e-TeX on input line 64.
\captionmargin=\dimen122
\captionmargin@=\dimen123
\captionwidth=\dimen124
\caption@tempdima=\dimen125
\caption@indent=\dimen126
\caption@parindent=\dimen127
\caption@hangindent=\dimen128
)
\c@caption@flags=\count310
\c@ContinuedFloat=\count311
Package caption Info: hyperref package is loaded.
Package caption Info: listings package is loaded.
)
\c@subfigure=\count312
\c@subtable=\count313
)
Package biblatex Info: Trying to load language 'english'...
Package biblatex Info: ... file 'english.lbx' found.

(/usr/local/texlive/2019/texmf-dist/tex/latex/biblatex/lbx/english.lbx
File: english.lbx 2018/11/02 v3.12 biblatex localization (PK/MW)
)
\@quotelevel=\count314
\@quotereset=\count315

(./others.aux)
\openout1 = `others.aux'.

LaTeX Font Info:    Checking defaults for OML/cmm/m/it on input line 13.
LaTeX Font Info:    ... okay on input line 13.
LaTeX Font Info:    Checking defaults for T1/cmr/m/n on input line 13.
LaTeX Font Info:    ... okay on input line 13.
LaTeX Font Info:    Checking defaults for OT1/cmr/m/n on input line 13.
LaTeX Font Info:    ... okay on input line 13.
LaTeX Font Info:    Checking defaults for OMS/cmsy/m/n on input line 13.
LaTeX Font Info:    ... okay on input line 13.
LaTeX Font Info:    Checking defaults for OMX/cmex/m/n on input line 13.
LaTeX Font Info:    ... okay on input line 13.
LaTeX Font Info:    Checking defaults for U/cmr/m/n on input line 13.
LaTeX Font Info:    ... okay on input line 13.
LaTeX Font Info:    Checking defaults for PD1/pdf/m/n on input line 13.
LaTeX Font Info:    ... okay on input line 13.
\c@lstlisting=\count316
\AtBeginShipoutBox=\box31
Package hyperref Info: Link coloring OFF on input line 13.

(/usr/local/texlive/2019/texmf-dist/tex/latex/hyperref/nameref.sty
Package: nameref 2016/05/21 v2.44 Cross-referencing by name of section

(/usr/local/texlive/2019/texmf-dist/tex/generic/oberdiek/gettitlestring.sty
Package: gettitlestring 2016/05/16 v1.5 Cleanup title references (HO)
)
\c@section@level=\count317
)
LaTeX Info: Redefining \ref on input line 13.
LaTeX Info: Redefining \pageref on input line 13.
LaTeX Info: Redefining \nameref on input line 13.

(./others.out) (./others.out)
\@outlinefile=\write4
\openout4 = `others.out'.

Package biblatex Info: Input encoding 'utf8' detected.
Package biblatex Info: Automatic encoding selection.
(biblatex)             Assuming data encoding 'utf8'.
Package biblatex Info: Input encoding 'utf8' specified.
Package biblatex Info: Data encoding 'utf8' specified.
(biblatex)             No need to reencode data.
\openout3 = `others-blx.bib'.

Package biblatex Info: Trying to load bibliographic data...
Package biblatex Info: ... file 'others.bbl' not found.

No file others.bbl.
Package biblatex Info: Reference section=0 on input line 13.
Package biblatex Info: Reference segment=0 on input line 13.
(/usr/local/texlive/2019/texmf-dist/tex/context/base/mkii/supp-pdf.mkii
[Loading MPS to PDF converter (version 2006.09.02).]
\scratchcounter=\count318
\scratchdimen=\dimen129
\scratchbox=\box32
\nofMPsegments=\count319
\nofMParguments=\count320
\everyMPshowfont=\toks23
\MPscratchCnt=\count321
\MPscratchDim=\dimen130
\MPnumerator=\count322
\makeMPintoPDFobject=\count323
\everyMPtoPDFconversion=\toks24
) (/usr/local/texlive/2019/texmf-dist/tex/latex/oberdiek/epstopdf-base.sty
Package: epstopdf-base 2016/05/15 v2.6 Base part for package epstopdf

(/usr/local/texlive/2019/texmf-dist/tex/latex/oberdiek/grfext.sty
Package: grfext 2016/05/16 v1.2 Manage graphics extensions (HO)
)
Package epstopdf-base Info: Redefining graphics rule for `.eps' on input line 4
38.
Package grfext Info: Graphics extension search list:
(grfext)             [.pdf,.png,.jpg,.mps,.jpeg,.jbig2,.jb2,.PDF,.PNG,.JPG,.JPE
G,.JBIG2,.JB2,.eps]
(grfext)             \AppendGraphicsExtensions on input line 456.

(/usr/local/texlive/2019/texmf-dist/tex/latex/latexconfig/epstopdf-sys.cfg
File: epstopdf-sys.cfg 2010/07/13 v1.3 Configuration of (r)epstopdf for TeX Liv
e
))
Package caption Info: Begin \AtBeginDocument code.
Package caption Info: End \AtBeginDocument code.

[1


{/usr/local/texlive/2019/texmf-var/fonts/map/pdftex/updmap/pdftex.map}]
Overfull \hbox (163.91756pt too wide) in paragraph at lines 26--28
[]\OT1/cmr/m/n/10 We can down-load the raw data from this web-site []https://ww
w.ncbi.nlm.nih.gov/sites/GDSbrowser?acc=GDS1615[]. 
 []


Overfull \hbox (143.40161pt too wide) in paragraph at lines 30--31
[][][][][][][][][][][][][][][][][][][][][][][][][][][][][][][][][][] 
 []

LaTeX Font Info:    Try loading font information for OMS+cmr on input line 50.
(/usr/local/texlive/2019/texmf-dist/tex/latex/base/omscmr.fd
File: omscmr.fd 2014/09/29 v2.5h Standard LaTeX font definitions
)
LaTeX Font Info:    Font shape `OMS/cmr/m/n' in size <10> not available
(Font)              Font shape `OMS/cmsy/m/n' tried instead on input line 50.
 [2]
Overfull \hbox (3.80618pt too wide) in paragraph at lines 56--57
[]\OT1/cmr/m/n/10 This dataset con-tains anal-y-sis of pe-riph-eral blood monon
u-clear cells (PBMCs)
 []

LaTeX Font Info:    Font shape `OMS/cmr/m/n' in size <9> not available
(Font)              Font shape `OMS/cmsy/m/n' tried instead on input line 63.
[3]
Overfull \hbox (37.95126pt too wide) in paragraph at lines 103--104
[][][][][][][][][][][][][][][][][][][][] 
 []


Overfull \hbox (15.75119pt too wide) in paragraph at lines 105--106
[][][][][][][][][][][][][][][][][][][][][][][] 
 []

LaTeX Font Info:    Try loading font information for OML+cmr on input line 124.

(/usr/local/texlive/2019/texmf-dist/tex/latex/base/omlcmr.fd
File: omlcmr.fd 2014/09/29 v2.5h Standard LaTeX font definitions
)
LaTeX Font Info:    Font shape `OML/cmr/m/n' in size <9> not available
(Font)              Font shape `OML/cmm/m/it' tried instead on input line 124.

Overfull \hbox (121.20154pt too wide) in paragraph at lines 124--125
[][][][][][][][][][][][][][][][][][][][][][][][][][][][][][][] 
 []


Overfull \hbox (22.85004pt too wide) in paragraph at lines 136--137
[]\OT1/cmr/m/n/10 . No-tice that in the [][][][][][]
 []

[4]
Overfull \hbox (87.90143pt too wide) in paragraph at lines 143--144
[][][][][][][][][][][][][][][][][][][][][][][][][][][][][][][][][] 
 []


Overfull \hbox (71.25137pt too wide) in paragraph at lines 148--149
[][][][][][][][][][][][][][][][][][][][][][][][][][][][][][][][][] 
 []


Overfull \hbox (60.15134pt too wide) in paragraph at lines 155--156
[][][][][][][][][][][][][][][][][][][][][][][][][][][][][] 
 []


Overfull \hbox (132.30157pt too wide) in paragraph at lines 165--166
[][][][][][][][][][][][][][][][][][][][][][][][][][][][][][][] 
 []


Overfull \hbox (115.65152pt too wide) in paragraph at lines 167--168
[][][][][][][][][][][][][][][][][][] 
 []

[5]
Overfull \hbox (232.2019pt too wide) in paragraph at lines 187--188
[][][][][][][][][][][][][][][][][][][][][][][] 
 []


Overfull \hbox (10.20117pt too wide) in paragraph at lines 188--189
[][][][][][][][][][] 
 []


Overfull \hbox (6.96649pt too wide) in paragraph at lines 193--194
\OT1/cmr/m/n/10 the lines and putting it in [] and [].
 []

[6]
Overfull \hbox (4.65115pt too wide) in paragraph at lines 226--227
[][][][][][][][][][][][][][][][][][][][] 
 []


Overfull \hbox (26.85123pt too wide) in paragraph at lines 238--239
[][][][][][][][][][][][][][][][][][][][][] 
 []


Overfull \hbox (10.20117pt too wide) in paragraph at lines 249--250
[][][][][][][][][][][][][][][][][][][][][] 
 []


Overfull \hbox (26.85123pt too wide) in paragraph at lines 258--259
[][][][][][][][][][][][][][][][][][][][][] 
 []


Overfull \hbox (137.8516pt too wide) in paragraph at lines 268--269
[][][][][][][][][][][][][][][][][] 
 []

[7]
LaTeX Font Info:    Font shape `OML/cmr/m/n' in size <10> not available
(Font)              Font shape `OML/cmm/m/it' tried instead on input line 276.

Overfull \hbox (51.00403pt too wide) in paragraph at lines 278--279
[][][][][][][][][][][][] 
 []


Overfull \hbox (69.00421pt too wide) in paragraph at lines 280--281
[][][][][][][][][][][][][][][][][][] 
 []


Overfull \hbox (69.00421pt too wide) in paragraph at lines 281--282
[][][][][][][][][][][][][][][][][][] 
 []


Overfull \hbox (93.00446pt too wide) in paragraph at lines 282--283
[][][][][][][][][][][][][][][][][][] 
 []


Overfull \hbox (93.00446pt too wide) in paragraph at lines 283--284
[][][][][][][][][][][][][][][][][][] 
 []


Overfull \hbox (93.00446pt too wide) in paragraph at lines 287--288
[][][][][][][][][][][][][][][][][][][][][][][][][][][][][][][][][][][] 
 []


Overfull \hbox (111.00464pt too wide) in paragraph at lines 292--293
[][][][][][][][][][][][][][][][][][][][][] 
 []


Overfull \hbox (9.0036pt too wide) in paragraph at lines 293--294
[][][][][][][][][][][][][][][][][][][][][][][][][] 
 []


Overfull \hbox (30.75037pt too wide) in paragraph at lines 299--300
[] \OT1/cmr/m/n/10 we find that the val-ues are 0.042918212228268235 and 3.5369
539066322027
 []

[8]

Package hyperref Warning: Suppressing link with empty target on input line 312.



Overfull \hbox (21.30121pt too wide) in paragraph at lines 328--329
[][][][][][][][][][][][][][][][][][][][][][][][][][][][][][] 
 []


LaTeX Warning: Citation 'OT:4' on page 9 undefined on input line 345.

[9]

Package hyperref Warning: Suppressing link with empty target on input line 374.


[10]
Overfull \hbox (76.80139pt too wide) in paragraph at lines 419--420
[][][][][][][][][][][][][][][][][][][][][][][][][] 
 []


Overfull \hbox (49.0513pt too wide) in paragraph at lines 425--426
[][][][][][][][][][][][][][][][][][][][][][][][][][][][][][] 
 []


Overfull \hbox (32.40125pt too wide) in paragraph at lines 426--427
[][][][][][][][][][][][][][][][][][][][][][][][][][][][][][][][] 
 []

[11]
Overfull \hbox (37.95126pt too wide) in paragraph at lines 430--431
[][][][][][][][][][][][][][][][][][][][][][][][][][][] 
 []

LaTeX Font Info:    Font shape `OML/cmr/m/n' in size <5> not available
(Font)              Font shape `OML/cmm/m/it' tried instead on input line 451.

Overfull \hbox (116.42644pt too wide) in paragraph at lines 464--465
[][][][][][][][][][][][][][][][][][][][][][][][][][][][][][][][][][][][][][][][
][][][][][][] 
 []


Overfull \hbox (128.6767pt too wide) in paragraph at lines 476--477
[][][][][][][][][][][][][][][][][][][][][][][][][][][][][][][][][][][][][][][][
][][][][][][][][][] 
 []


Overfull \hbox (132.76012pt too wide) in paragraph at lines 487--488
[][][][][][][][][][][][][][][][][][][][][][][][][][][][][][][][][][][][][][][][
][][][][][][][][][][][][][][] 
 []

[12]

Package hyperref Warning: Suppressing link with empty target on input line 517.



Overfull \hbox (929.23735pt too wide) in paragraph at lines 538--539
[]\OT1/cmr/m/n/10 ,[],[],[],[],isbn,isbn13,authors,[],[],title,[],[],[],[],[],[
],[],[],[],[],[],[],
 []

[13] [14]
Overfull \hbox (17.97134pt too wide) in paragraph at lines 590--592
\OT1/cmr/m/n/10 In the [] func-tion, ad-di-tion-ally we cre-ate [] and []
 []

[15]
Overfull \hbox (4.65115pt too wide) in paragraph at lines 619--620
[][][][][][][][][][][][][][][][][][][] 
 []

[16]
Overfull \hbox (4.65115pt too wide) in paragraph at lines 665--667
[][][][][][][][][][][][][][][][][][][][][][] 
 []

[17]
Overfull \hbox (4.83372pt too wide) in paragraph at lines 725--726
[]\OT1/cmr/m/n/10 Running it now with [][][][][][][] should save the model in t
he [][][]
 []


Overfull \hbox (15.75119pt too wide) in paragraph at lines 729--730
[][][][][][][][][][][][][][][][][][][][][][][][][][][][][][][][][][][][]
 []

[18] [19] [20]

! Package inputenc Error: Invalid UTF-8 byte sequence.

See the inputenc package documentation for explanation.
Type  H <return>  for immediate help.
 ...                                              
                                                  
l.865 ➜ 
           goodbooks-recommender git:(master) ✗ cargo run -- predict --tex...

? q
OK, entering \batchmode...

! Package inputenc Error: Invalid UTF-8 byte "9C.

See the inputenc package documentation for explanation.
Type  H <return>  for immediate help.
 ...                                              
                                                  
l.865 ➜ 
           goodbooks-recommender git:(master) ✗ cargo run -- predict --tex...

The document does not appear to be in UTF-8 encoding.
Try adding \UseRawInputEncoding as the first line of the file
or specify an encoding such as \usepackage [latin1]{inputenc}
in the document preamble.
Alternatively, save the file in UTF-8 using your editor or another tool


! Package inputenc Error: Invalid UTF-8 byte sequence.

See the inputenc package documentation for explanation.
Type  H <return>  for immediate help.
 ...                                              
                                                  
l.865 ➜  goodbooks-recommender git:(master) ✗ 
                                                  cargo run -- predict --tex...

The document does not appear to be in UTF-8 encoding.
Try adding \UseRawInputEncoding as the first line of the file
or specify an encoding such as \usepackage [latin1]{inputenc}
in the document preamble.
Alternatively, save the file in UTF-8 using your editor or another tool


! Package inputenc Error: Invalid UTF-8 byte "97.

See the inputenc package documentation for explanation.
Type  H <return>  for immediate help.
 ...                                              
                                                  
l.865 ➜  goodbooks-recommender git:(master) ✗ 
                                                  cargo run -- predict --tex...

The document does not appear to be in UTF-8 encoding.
Try adding \UseRawInputEncoding as the first line of the file
or specify an encoding such as \usepackage [latin1]{inputenc}
in the document preamble.
Alternatively, save the file in UTF-8 using your editor or another tool


Overfull \hbox (137.8516pt too wide) in paragraph at lines 865--866
[][][][][][][][][][][][][][][][][][][][][][][][][][][][][][][][][][] 
 []


Overfull \hbox (99.00146pt too wide) in paragraph at lines 867--868
[][][][][][][][][][][][][][][][][][][][][][][][][] 
 []


LaTeX Warning: Empty bibliography on input line 892.

Package atveryend Info: Empty hook `BeforeClearDocument' on input line 894.
 [21]
Package atveryend Info: Empty hook `AfterLastShipout' on input line 894.
 (./others.aux)
Package atveryend Info: Executing hook `AtVeryEndDocument' on input line 894.
Package atveryend Info: Executing hook `AtEndAfterFileList' on input line 894.
Package rerunfilecheck Info: File `others.out' has not changed.
(rerunfilecheck)             Checksum: 4AC379B8467430E735D1198AFEA6C97B;551.

LaTeX Warning: There were undefined references.


Package biblatex Warning: Please (re)run BibTeX on the file(s):
(biblatex)                others
(biblatex)                and rerun LaTeX afterwards.

Package logreq Info: Writing requests to 'others.run.xml'.
\openout1 = `others.run.xml'.

Package atveryend Info: Empty hook `AtVeryVeryEnd' on input line 894.
 ) 
Here is how much of TeX's memory you used:
 15727 strings out of 492616
 260058 string characters out of 6129481
 576626 words of memory out of 5000000
 18882 multiletter control sequences out of 15000+600000
 10513 words of font info for 38 fonts, out of 8000000 for 9000
 1141 hyphenation exceptions out of 8191
 42i,8n,42p,932b,1803s stack positions out of 5000i,500n,10000p,200000b,80000s
</usr/local/texlive/2019/texmf-dist/fonts/type1/public/amsfonts/cm/cmbx10.pfb
></usr/local/texlive/2019/texmf-dist/fonts/type1/public/amsfonts/cm/cmbx12.pfb>
</usr/local/texlive/2019/texmf-dist/fonts/type1/public/amsfonts/cm/cmmi10.pfb><
/usr/local/texlive/2019/texmf-dist/fonts/type1/public/amsfonts/cm/cmmi5.pfb></u
sr/local/texlive/2019/texmf-dist/fonts/type1/public/amsfonts/cm/cmmi9.pfb></usr
/local/texlive/2019/texmf-dist/fonts/type1/public/amsfonts/cm/cmr10.pfb></usr/l
ocal/texlive/2019/texmf-dist/fonts/type1/public/amsfonts/cm/cmr12.pfb></usr/loc
al/texlive/2019/texmf-dist/fonts/type1/public/amsfonts/cm/cmr17.pfb></usr/local
/texlive/2019/texmf-dist/fonts/type1/public/amsfonts/cm/cmr5.pfb></usr/local/te
xlive/2019/texmf-dist/fonts/type1/public/amsfonts/cm/cmr6.pfb></usr/local/texli
ve/2019/texmf-dist/fonts/type1/public/amsfonts/cm/cmr7.pfb></usr/local/texlive/
2019/texmf-dist/fonts/type1/public/amsfonts/cm/cmr8.pfb></usr/local/texlive/201
9/texmf-dist/fonts/type1/public/amsfonts/cm/cmr9.pfb></usr/local/texlive/2019/t
exmf-dist/fonts/type1/public/amsfonts/cm/cmsl10.pfb></usr/local/texlive/2019/te
xmf-dist/fonts/type1/public/amsfonts/cm/cmsy10.pfb></usr/local/texlive/2019/tex
mf-dist/fonts/type1/public/amsfonts/cm/cmsy5.pfb></usr/local/texlive/2019/texmf
-dist/fonts/type1/public/amsfonts/cm/cmsy9.pfb>
Output written on others.pdf (21 pages, 276661 bytes).
PDF statistics:
 959 PDF objects out of 1000 (max. 8388607)
 909 compressed objects within 10 object streams
 647 named destinations out of 1000 (max. 500000)
 73 words of extra memory for PDF output out of 10000 (max. 10000000)

