This is pdfTeX, Version 3.14159265-2.6-1.40.20 (TeX Live 2019) (preloaded format=pdflatex 2019.5.31)  19 JUN 2019 08:42
entering extended mode
 restricted \write18 enabled.
 %&-line parsing enabled.
**using_rust_applications.tex
(./using_rust_applications.tex
LaTeX2e <2018-12-01>
(/usr/local/texlive/2019/texmf-dist/tex/latex/base/book.cls
Document Class: book 2018/09/03 v1.4i Standard LaTeX document class
(/usr/local/texlive/2019/texmf-dist/tex/latex/base/bk10.clo
File: bk10.clo 2018/09/03 v1.4i Standard LaTeX file (size option)
)
\c@part=\count80
\c@chapter=\count81
\c@section=\count82
\c@subsection=\count83
\c@subsubsection=\count84
\c@paragraph=\count85
\c@subparagraph=\count86
\c@figure=\count87
\c@table=\count88
\abovecaptionskip=\skip41
\belowcaptionskip=\skip42
\bibindent=\dimen102
)
(/usr/local/texlive/2019/texmf-dist/tex/latex/listings/listings.sty
(/usr/local/texlive/2019/texmf-dist/tex/latex/graphics/keyval.sty
Package: keyval 2014/10/28 v1.15 key=value parser (DPC)
\KV@toks@=\toks14
)
\lst@mode=\count89
\lst@gtempboxa=\box27
\lst@token=\toks15
\lst@length=\count90
\lst@currlwidth=\dimen103
\lst@column=\count91
\lst@pos=\count92
\lst@lostspace=\dimen104
\lst@width=\dimen105
\lst@newlines=\count93
\lst@lineno=\count94
\lst@maxwidth=\dimen106

(/usr/local/texlive/2019/texmf-dist/tex/latex/listings/lstmisc.sty
File: lstmisc.sty 2019/02/27 1.8b (Carsten Heinz)
\c@lstnumber=\count95
\lst@skipnumbers=\count96
\lst@framebox=\box28
)
(/usr/local/texlive/2019/texmf-dist/tex/latex/listings/listings.cfg
File: listings.cfg 2019/02/27 1.8b listings configuration
))
Package: listings 2019/02/27 1.8b (Carsten Heinz)

(/usr/local/texlive/2019/texmf-dist/tex/latex/hyperref/hyperref.sty
Package: hyperref 2018/11/30 v6.88e Hypertext links for LaTeX

(/usr/local/texlive/2019/texmf-dist/tex/generic/oberdiek/hobsub-hyperref.sty
Package: hobsub-hyperref 2016/05/16 v1.14 Bundle oberdiek, subset hyperref (HO)


(/usr/local/texlive/2019/texmf-dist/tex/generic/oberdiek/hobsub-generic.sty
Package: hobsub-generic 2016/05/16 v1.14 Bundle oberdiek, subset generic (HO)
Package: hobsub 2016/05/16 v1.14 Construct package bundles (HO)
Package: infwarerr 2016/05/16 v1.4 Providing info/warning/error messages (HO)
Package: ltxcmds 2016/05/16 v1.23 LaTeX kernel commands for general use (HO)
Package: ifluatex 2016/05/16 v1.4 Provides the ifluatex switch (HO)
Package ifluatex Info: LuaTeX not detected.
Package: ifvtex 2016/05/16 v1.6 Detect VTeX and its facilities (HO)
Package ifvtex Info: VTeX not detected.
Package: intcalc 2016/05/16 v1.2 Expandable calculations with integers (HO)
Package: ifpdf 2018/09/07 v3.3 Provides the ifpdf switch
Package: etexcmds 2016/05/16 v1.6 Avoid name clashes with e-TeX commands (HO)
Package: kvsetkeys 2016/05/16 v1.17 Key value parser (HO)
Package: kvdefinekeys 2016/05/16 v1.4 Define keys (HO)
Package: pdftexcmds 2018/09/10 v0.29 Utility functions of pdfTeX for LuaTeX (HO
)
Package pdftexcmds Info: LuaTeX not detected.
Package pdftexcmds Info: \pdf@primitive is available.
Package pdftexcmds Info: \pdf@ifprimitive is available.
Package pdftexcmds Info: \pdfdraftmode found.
Package: pdfescape 2016/05/16 v1.14 Implements pdfTeX's escape features (HO)
Package: bigintcalc 2016/05/16 v1.4 Expandable calculations on big integers (HO
)
Package: bitset 2016/05/16 v1.2 Handle bit-vector datatype (HO)
Package: uniquecounter 2016/05/16 v1.3 Provide unlimited unique counter (HO)
)
Package hobsub Info: Skipping package `hobsub' (already loaded).
Package: letltxmacro 2016/05/16 v1.5 Let assignment for LaTeX macros (HO)
Package: hopatch 2016/05/16 v1.3 Wrapper for package hooks (HO)
Package: xcolor-patch 2016/05/16 xcolor patch
Package: atveryend 2016/05/16 v1.9 Hooks at the very end of document (HO)
Package atveryend Info: \enddocument detected (standard20110627).
Package: atbegshi 2016/06/09 v1.18 At begin shipout hook (HO)
Package: refcount 2016/05/16 v3.5 Data extraction from label references (HO)
Package: hycolor 2016/05/16 v1.8 Color options for hyperref/bookmark (HO)
)
(/usr/local/texlive/2019/texmf-dist/tex/generic/ifxetex/ifxetex.sty
Package: ifxetex 2010/09/12 v0.6 Provides ifxetex conditional
)
(/usr/local/texlive/2019/texmf-dist/tex/latex/oberdiek/auxhook.sty
Package: auxhook 2016/05/16 v1.4 Hooks for auxiliary files (HO)
)
(/usr/local/texlive/2019/texmf-dist/tex/latex/oberdiek/kvoptions.sty
Package: kvoptions 2016/05/16 v3.12 Key value format for package options (HO)
)
\@linkdim=\dimen107
\Hy@linkcounter=\count97
\Hy@pagecounter=\count98

(/usr/local/texlive/2019/texmf-dist/tex/latex/hyperref/pd1enc.def
File: pd1enc.def 2018/11/30 v6.88e Hyperref: PDFDocEncoding definition (HO)
Now handling font encoding PD1 ...
... no UTF-8 mapping file for font encoding PD1
)
\Hy@SavedSpaceFactor=\count99

(/usr/local/texlive/2019/texmf-dist/tex/latex/latexconfig/hyperref.cfg
File: hyperref.cfg 2002/06/06 v1.2 hyperref configuration of TeXLive
)
Package hyperref Info: Hyper figures OFF on input line 4519.
Package hyperref Info: Link nesting OFF on input line 4524.
Package hyperref Info: Hyper index ON on input line 4527.
Package hyperref Info: Plain pages OFF on input line 4534.
Package hyperref Info: Backreferencing OFF on input line 4539.
Package hyperref Info: Implicit mode ON; LaTeX internals redefined.
Package hyperref Info: Bookmarks ON on input line 4772.
\c@Hy@tempcnt=\count100

(/usr/local/texlive/2019/texmf-dist/tex/latex/url/url.sty
\Urlmuskip=\muskip10
Package: url 2013/09/16  ver 3.4  Verb mode for urls, etc.
)
LaTeX Info: Redefining \url on input line 5125.
\XeTeXLinkMargin=\dimen108
\Fld@menulength=\count101
\Field@Width=\dimen109
\Fld@charsize=\dimen110
Package hyperref Info: Hyper figures OFF on input line 6380.
Package hyperref Info: Link nesting OFF on input line 6385.
Package hyperref Info: Hyper index ON on input line 6388.
Package hyperref Info: backreferencing OFF on input line 6395.
Package hyperref Info: Link coloring OFF on input line 6400.
Package hyperref Info: Link coloring with OCG OFF on input line 6405.
Package hyperref Info: PDF/A mode OFF on input line 6410.
LaTeX Info: Redefining \ref on input line 6450.
LaTeX Info: Redefining \pageref on input line 6454.
\Hy@abspage=\count102
\c@Item=\count103
\c@Hfootnote=\count104
)
Package hyperref Info: Driver (autodetected): hpdftex.

(/usr/local/texlive/2019/texmf-dist/tex/latex/hyperref/hpdftex.def
File: hpdftex.def 2018/11/30 v6.88e Hyperref driver for pdfTeX
\Fld@listcount=\count105
\c@bookmark@seq@number=\count106

(/usr/local/texlive/2019/texmf-dist/tex/latex/oberdiek/rerunfilecheck.sty
Package: rerunfilecheck 2016/05/16 v1.8 Rerun checks for auxiliary files (HO)
Package uniquecounter Info: New unique counter `rerunfilecheck' on input line 2
82.
)
\Hy@SectionHShift=\skip43
)
(/usr/local/texlive/2019/texmf-dist/tex/latex/tools/verbatim.sty
Package: verbatim 2014/10/28 v1.5q LaTeX2e package for verbatim enhancements
\every@verbatim=\toks16
\verbatim@line=\toks17
\verbatim@in@stream=\read1
)
(/usr/local/texlive/2019/texmf-dist/tex/latex/amsmath/amsmath.sty
Package: amsmath 2018/12/01 v2.17b AMS math features
\@mathmargin=\skip44

For additional information on amsmath, use the `?' option.
(/usr/local/texlive/2019/texmf-dist/tex/latex/amsmath/amstext.sty
Package: amstext 2000/06/29 v2.01 AMS text

(/usr/local/texlive/2019/texmf-dist/tex/latex/amsmath/amsgen.sty
File: amsgen.sty 1999/11/30 v2.0 generic functions
\@emptytoks=\toks18
\ex@=\dimen111
))
(/usr/local/texlive/2019/texmf-dist/tex/latex/amsmath/amsbsy.sty
Package: amsbsy 1999/11/29 v1.2d Bold Symbols
\pmbraise@=\dimen112
)
(/usr/local/texlive/2019/texmf-dist/tex/latex/amsmath/amsopn.sty
Package: amsopn 2016/03/08 v2.02 operator names
)
\inf@bad=\count107
LaTeX Info: Redefining \frac on input line 223.
\uproot@=\count108
\leftroot@=\count109
LaTeX Info: Redefining \overline on input line 385.
\classnum@=\count110
\DOTSCASE@=\count111
LaTeX Info: Redefining \ldots on input line 482.
LaTeX Info: Redefining \dots on input line 485.
LaTeX Info: Redefining \cdots on input line 606.
\Mathstrutbox@=\box29
\strutbox@=\box30
\big@size=\dimen113
LaTeX Font Info:    Redeclaring font encoding OML on input line 729.
LaTeX Font Info:    Redeclaring font encoding OMS on input line 730.
\macc@depth=\count112
\c@MaxMatrixCols=\count113
\dotsspace@=\muskip11
\c@parentequation=\count114
\dspbrk@lvl=\count115
\tag@help=\toks19
\row@=\count116
\column@=\count117
\maxfields@=\count118
\andhelp@=\toks20
\eqnshift@=\dimen114
\alignsep@=\dimen115
\tagshift@=\dimen116
\tagwidth@=\dimen117
\totwidth@=\dimen118
\lineht@=\dimen119
\@envbody=\toks21
\multlinegap=\skip45
\multlinetaggap=\skip46
\mathdisplay@stack=\toks22
LaTeX Info: Redefining \[ on input line 2844.
LaTeX Info: Redefining \] on input line 2845.
)
(/usr/local/texlive/2019/texmf-dist/tex/latex/biblatex/biblatex.sty
Package: biblatex 2018/11/02 v3.12 programmable bibliographies (PK/MW)

(/usr/local/texlive/2019/texmf-dist/tex/latex/etoolbox/etoolbox.sty
Package: etoolbox 2018/08/19 v2.5f e-TeX tools for LaTeX (JAW)
\etb@tempcnta=\count119
)
(/usr/local/texlive/2019/texmf-dist/tex/latex/logreq/logreq.sty
Package: logreq 2010/08/04 v1.0 xml request logger
\lrq@indent=\count120

(/usr/local/texlive/2019/texmf-dist/tex/latex/logreq/logreq.def
File: logreq.def 2010/08/04 v1.0 logreq spec v1.0
))
(/usr/local/texlive/2019/texmf-dist/tex/latex/base/ifthen.sty
Package: ifthen 2014/09/29 v1.1c Standard LaTeX ifthen package (DPC)
)
\c@tabx@nest=\count121
\c@listtotal=\count122
\c@listcount=\count123
\c@liststart=\count124
\c@liststop=\count125
\c@citecount=\count126
\c@citetotal=\count127
\c@multicitecount=\count128
\c@multicitetotal=\count129
\c@instcount=\count130
\c@maxnames=\count131
\c@minnames=\count132
\c@maxitems=\count133
\c@minitems=\count134
\c@citecounter=\count135
\c@maxcitecounter=\count136
\c@savedcitecounter=\count137
\c@uniquelist=\count138
\c@uniquename=\count139
\c@refsection=\count140
\c@refsegment=\count141
\c@maxextratitle=\count142
\c@maxextratitleyear=\count143
\c@maxextraname=\count144
\c@maxextradate=\count145
\c@maxextraalpha=\count146
\c@abbrvpenalty=\count147
\c@highnamepenalty=\count148
\c@lownamepenalty=\count149
\c@maxparens=\count150
\c@parenlevel=\count151
\blx@tempcnta=\count152
\blx@tempcntb=\count153
\blx@tempcntc=\count154
\blx@maxsection=\count155
\blx@maxsegment@0=\count156
\blx@notetype=\count157
\blx@parenlevel@text=\count158
\blx@parenlevel@foot=\count159
\blx@sectionciteorder@0=\count160
\blx@entrysetcounter=\count161
\labelnumberwidth=\skip47
\labelalphawidth=\skip48
\biblabelsep=\skip49
\bibitemsep=\skip50
\bibnamesep=\skip51
\bibinitsep=\skip52
\bibparsep=\skip53
\bibhang=\skip54
\blx@bcfin=\read2
\blx@bcfout=\write3
\c@mincomprange=\count162
\c@maxcomprange=\count163
\c@mincompwidth=\count164
Package biblatex Info: Trying to load biblatex default data model...
Package biblatex Info: ... file 'blx-dm.def' found.

(/usr/local/texlive/2019/texmf-dist/tex/latex/biblatex/blx-dm.def
File: blx-dm.def 2018/11/02 v3.12 biblatex localization (PK/MW)
)
Package biblatex Info: Trying to load biblatex style data model...
Package biblatex Info: ... file 'numeric-comp.dbx' not found.
Package biblatex Info: Trying to load biblatex custom data model...
Package biblatex Info: ... file 'biblatex-dm.cfg' not found.
\c@afterword=\count165
\c@savedafterword=\count166
\c@annotator=\count167
\c@savedannotator=\count168
\c@author=\count169
\c@savedauthor=\count170
\c@bookauthor=\count171
\c@savedbookauthor=\count172
\c@commentator=\count173
\c@savedcommentator=\count174
\c@editor=\count175
\c@savededitor=\count176
\c@editora=\count177
\c@savededitora=\count178
\c@editorb=\count179
\c@savededitorb=\count180
\c@editorc=\count181
\c@savededitorc=\count182
\c@foreword=\count183
\c@savedforeword=\count184
\c@holder=\count185
\c@savedholder=\count186
\c@introduction=\count187
\c@savedintroduction=\count188
\c@namea=\count189
\c@savednamea=\count190
\c@nameb=\count191
\c@savednameb=\count192
\c@namec=\count193
\c@savednamec=\count194
\c@translator=\count195
\c@savedtranslator=\count196
\c@shortauthor=\count197
\c@savedshortauthor=\count198
\c@shorteditor=\count199
\c@savedshorteditor=\count266
\c@labelname=\count267
\c@savedlabelname=\count268
\c@institution=\count269
\c@savedinstitution=\count270
\c@lista=\count271
\c@savedlista=\count272
\c@listb=\count273
\c@savedlistb=\count274
\c@listc=\count275
\c@savedlistc=\count276
\c@listd=\count277
\c@savedlistd=\count278
\c@liste=\count279
\c@savedliste=\count280
\c@listf=\count281
\c@savedlistf=\count282
\c@location=\count283
\c@savedlocation=\count284
\c@organization=\count285
\c@savedorganization=\count286
\c@origlocation=\count287
\c@savedoriglocation=\count288
\c@origpublisher=\count289
\c@savedorigpublisher=\count290
\c@publisher=\count291
\c@savedpublisher=\count292
\c@language=\count293
\c@savedlanguage=\count294
\c@origlanguage=\count295
\c@savedoriglanguage=\count296
\c@pageref=\count297
\c@savedpageref=\count298
\shorthandwidth=\skip55
\shortjournalwidth=\skip56
\shortserieswidth=\skip57
\shorttitlewidth=\skip58
\shortauthorwidth=\skip59
\shorteditorwidth=\skip60
\locallabelnumberwidth=\skip61
\locallabelalphawidth=\skip62
\localshorthandwidth=\skip63
\localshortjournalwidth=\skip64
\localshortserieswidth=\skip65
\localshorttitlewidth=\skip66
\localshortauthorwidth=\skip67
\localshorteditorwidth=\skip68
Package biblatex Info: Trying to load compatibility code...
Package biblatex Info: ... file 'blx-compat.def' found.

(/usr/local/texlive/2019/texmf-dist/tex/latex/biblatex/blx-compat.def
File: blx-compat.def 2018/11/02 v3.12 biblatex compatibility (PK/MW)
)
Package biblatex Info: Trying to load BibTeX backend compatibility...
Package biblatex Info: ... file 'blx-bibtex.def' found.

(/usr/local/texlive/2019/texmf-dist/tex/latex/biblatex/blx-bibtex.def
File: blx-bibtex.def 2018/11/02 v3.12 biblatex compatibility (PK/MW)


Package biblatex Warning: Using fall-back BibTeX(8) backend:
(biblatex)                functionality may be reduced/unavailable.

)
Package biblatex Info: Trying to load generic definitions...
Package biblatex Info: ... file 'biblatex.def' found.
 (/usr/local/texlive/2019/texmf-dist/tex/latex/biblatex/biblatex.def
File: biblatex.def 2018/11/02 v3.12 biblatex compatibility (PK/MW)
\c@textcitecount=\count299
\c@textcitetotal=\count300
\c@textcitemaxnames=\count301
\c@biburlnumpenalty=\count302
\c@biburlucpenalty=\count303
\c@biburllcpenalty=\count304
\c@smartand=\count305
)
Package biblatex Info: Trying to load bibliography style 'numeric-comp'...
Package biblatex Info: ... file 'numeric-comp.bbx' found.

(/usr/local/texlive/2019/texmf-dist/tex/latex/biblatex/bbx/numeric-comp.bbx
File: numeric-comp.bbx 2018/11/02 v3.12 biblatex bibliography style (PK/MW)
Package biblatex Info: Trying to load bibliography style 'numeric'...
Package biblatex Info: ... file 'numeric.bbx' found.

(/usr/local/texlive/2019/texmf-dist/tex/latex/biblatex/bbx/numeric.bbx
File: numeric.bbx 2018/11/02 v3.12 biblatex bibliography style (PK/MW)
Package biblatex Info: Trying to load bibliography style 'standard'...
Package biblatex Info: ... file 'standard.bbx' found.

(/usr/local/texlive/2019/texmf-dist/tex/latex/biblatex/bbx/standard.bbx
File: standard.bbx 2018/11/02 v3.12 biblatex bibliography style (PK/MW)
\c@bbx:relatedcount=\count306
\c@bbx:relatedtotal=\count307
)))
Package biblatex Info: Trying to load citation style 'numeric-comp'...
Package biblatex Info: ... file 'numeric-comp.cbx' found.

(/usr/local/texlive/2019/texmf-dist/tex/latex/biblatex/cbx/numeric-comp.cbx
File: numeric-comp.cbx 2018/11/02 v3.12 biblatex citation style (PK/MW)
\c@cbx@tempcnta=\count308
\c@cbx@tempcntb=\count309
Package biblatex Info: Redefining '\cite'.
Package biblatex Info: Redefining '\parencite'.
Package biblatex Info: Redefining '\footcite'.
Package biblatex Info: Redefining '\footcitetext'.
Package biblatex Info: Redefining '\smartcite'.
Package biblatex Info: Redefining '\supercite'.
Package biblatex Info: Redefining '\textcite'.
Package biblatex Info: Redefining '\textcites'.
Package biblatex Info: Redefining '\cites'.
Package biblatex Info: Redefining '\parencites'.
Package biblatex Info: Redefining '\smartcites'.
)
Package biblatex Info: Trying to load configuration file...
Package biblatex Info: ... file 'biblatex.cfg' found.

(/usr/local/texlive/2019/texmf-dist/tex/latex/biblatex/biblatex.cfg
File: biblatex.cfg 
))
(/usr/local/texlive/2019/texmf-dist/tex/latex/graphics/graphicx.sty
Package: graphicx 2017/06/01 v1.1a Enhanced LaTeX Graphics (DPC,SPQR)

(/usr/local/texlive/2019/texmf-dist/tex/latex/graphics/graphics.sty
Package: graphics 2017/06/25 v1.2c Standard LaTeX Graphics (DPC,SPQR)

(/usr/local/texlive/2019/texmf-dist/tex/latex/graphics/trig.sty
Package: trig 2016/01/03 v1.10 sin cos tan (DPC)
)
(/usr/local/texlive/2019/texmf-dist/tex/latex/graphics-cfg/graphics.cfg
File: graphics.cfg 2016/06/04 v1.11 sample graphics configuration
)
Package graphics Info: Driver file: pdftex.def on input line 99.

(/usr/local/texlive/2019/texmf-dist/tex/latex/graphics-def/pdftex.def
File: pdftex.def 2018/01/08 v1.0l Graphics/color driver for pdftex
))
\Gin@req@height=\dimen120
\Gin@req@width=\dimen121
)
(/usr/local/texlive/2019/texmf-dist/tex/latex/caption/subcaption.sty
Package: subcaption 2018/05/01 v1.1-162 Sub-captions (AR)

(/usr/local/texlive/2019/texmf-dist/tex/latex/caption/caption.sty
Package: caption 2018/10/06 v3.3-154 Customizing captions (AR)

(/usr/local/texlive/2019/texmf-dist/tex/latex/caption/caption3.sty
Package: caption3 2018/09/12 v1.8c caption3 kernel (AR)
Package caption3 Info: TeX engine: e-TeX on input line 64.
\captionmargin=\dimen122
\captionmargin@=\dimen123
\captionwidth=\dimen124
\caption@tempdima=\dimen125
\caption@indent=\dimen126
\caption@parindent=\dimen127
\caption@hangindent=\dimen128
)
\c@caption@flags=\count310
\c@ContinuedFloat=\count311
Package caption Info: hyperref package is loaded.
Package caption Info: listings package is loaded.
)
\c@subfigure=\count312
\c@subtable=\count313
)
Package biblatex Info: Trying to load language 'english'...
Package biblatex Info: ... file 'english.lbx' found.

(/usr/local/texlive/2019/texmf-dist/tex/latex/biblatex/lbx/english.lbx
File: english.lbx 2018/11/02 v3.12 biblatex localization (PK/MW)
)
\@quotelevel=\count314
\@quotereset=\count315

(output/using_rust_applications.aux)
\openout1 = `using_rust_applications.aux'.

LaTeX Font Info:    Checking defaults for OML/cmm/m/it on input line 13.
LaTeX Font Info:    ... okay on input line 13.
LaTeX Font Info:    Checking defaults for T1/cmr/m/n on input line 13.
LaTeX Font Info:    ... okay on input line 13.
LaTeX Font Info:    Checking defaults for OT1/cmr/m/n on input line 13.
LaTeX Font Info:    ... okay on input line 13.
LaTeX Font Info:    Checking defaults for OMS/cmsy/m/n on input line 13.
LaTeX Font Info:    ... okay on input line 13.
LaTeX Font Info:    Checking defaults for OMX/cmex/m/n on input line 13.
LaTeX Font Info:    ... okay on input line 13.
LaTeX Font Info:    Checking defaults for U/cmr/m/n on input line 13.
LaTeX Font Info:    ... okay on input line 13.
LaTeX Font Info:    Checking defaults for PD1/pdf/m/n on input line 13.
LaTeX Font Info:    ... okay on input line 13.
\c@lstlisting=\count316
\AtBeginShipoutBox=\box31
Package hyperref Info: Link coloring OFF on input line 13.

(/usr/local/texlive/2019/texmf-dist/tex/latex/hyperref/nameref.sty
Package: nameref 2016/05/21 v2.44 Cross-referencing by name of section

(/usr/local/texlive/2019/texmf-dist/tex/generic/oberdiek/gettitlestring.sty
Package: gettitlestring 2016/05/16 v1.5 Cleanup title references (HO)
)
\c@section@level=\count317
)
LaTeX Info: Redefining \ref on input line 13.
LaTeX Info: Redefining \pageref on input line 13.
LaTeX Info: Redefining \nameref on input line 13.

(output/using_rust_applications.out) (output/using_rust_applications.out)
\@outlinefile=\write4
\openout4 = `using_rust_applications.out'.

Package biblatex Info: Input encoding 'utf8' detected.
Package biblatex Info: Automatic encoding selection.
(biblatex)             Assuming data encoding 'utf8'.
Package biblatex Info: Input encoding 'utf8' specified.
Package biblatex Info: Data encoding 'utf8' specified.
(biblatex)             No need to reencode data.
\openout3 = `using_rust_applications-blx.bib'.

Package biblatex Info: Trying to load bibliographic data...
Package biblatex Info: ... file 'using_rust_applications.bbl' not found.

No file using_rust_applications.bbl.
Package biblatex Info: Reference section=0 on input line 13.
Package biblatex Info: Reference segment=0 on input line 13.
(/usr/local/texlive/2019/texmf-dist/tex/context/base/mkii/supp-pdf.mkii
[Loading MPS to PDF converter (version 2006.09.02).]
\scratchcounter=\count318
\scratchdimen=\dimen129
\scratchbox=\box32
\nofMPsegments=\count319
\nofMParguments=\count320
\everyMPshowfont=\toks23
\MPscratchCnt=\count321
\MPscratchDim=\dimen130
\MPnumerator=\count322
\makeMPintoPDFobject=\count323
\everyMPtoPDFconversion=\toks24
) (/usr/local/texlive/2019/texmf-dist/tex/latex/oberdiek/epstopdf-base.sty
Package: epstopdf-base 2016/05/15 v2.6 Base part for package epstopdf

(/usr/local/texlive/2019/texmf-dist/tex/latex/oberdiek/grfext.sty
Package: grfext 2016/05/16 v1.2 Manage graphics extensions (HO)
)
Package epstopdf-base Info: Redefining graphics rule for `.eps' on input line 4
38.
Package grfext Info: Graphics extension search list:
(grfext)             [.pdf,.png,.jpg,.mps,.jpeg,.jbig2,.jb2,.PDF,.PNG,.JPG,.JPE
G,.JBIG2,.JB2,.eps]
(grfext)             \AppendGraphicsExtensions on input line 456.

(/usr/local/texlive/2019/texmf-dist/tex/latex/latexconfig/epstopdf-sys.cfg
File: epstopdf-sys.cfg 2010/07/13 v1.3 Configuration of (r)epstopdf for TeX Liv
e
))
Package caption Info: Begin \AtBeginDocument code.
Package caption Info: End \AtBeginDocument code.

[1


{/usr/local/texlive/2019/texmf-var/fonts/map/pdftex/updmap/pdftex.map}]

Package hyperref Warning: Suppressing link with empty target on input line 25.

[2]
LaTeX Font Info:    Try loading font information for OMS+cmr on input line 43.
 (/usr/local/texlive/2019/texmf-dist/tex/latex/base/omscmr.fd
File: omscmr.fd 2014/09/29 v2.5h Standard LaTeX font definitions
)
LaTeX Font Info:    Font shape `OMS/cmr/m/n' in size <9> not available
(Font)              Font shape `OMS/cmsy/m/n' tried instead on input line 43.
LaTeX Font Info:    Try loading font information for OML+cmr on input line 74.

(/usr/local/texlive/2019/texmf-dist/tex/latex/base/omlcmr.fd
File: omlcmr.fd 2014/09/29 v2.5h Standard LaTeX font definitions
)
LaTeX Font Info:    Font shape `OML/cmr/m/n' in size <9> not available
(Font)              Font shape `OML/cmm/m/it' tried instead on input line 74.

Overfull \hbox (26.85123pt too wide) in paragraph at lines 74--75
[][][][][][][][][][][][][][][][][][][][][][][][][][][][][][][][][] 
 []

[3]
Overfull \hbox (15.75119pt too wide) in paragraph at lines 91--92
[][][][][][][][][][][][][][][][][][][][][][][][][][][][][][][][] 
 []

[4]
Overfull \hbox (82.35141pt too wide) in paragraph at lines 126--127
[][][][][][][][][][][][][][][][][][][][][][][][][][][][][][][] 
 []


Overfull \hbox (143.40161pt too wide) in paragraph at lines 142--143
[][][][][][][][][][][][][][][][][][][][][][][][][][][][][] 
 []


Overfull \hbox (43.50128pt too wide) in paragraph at lines 152--153
[][][][][][][][][][][][][][][][][][][][][][][][][][] 
 []


Overfull \hbox (21.30121pt too wide) in paragraph at lines 170--171
[][][][][][][][][][][][][][][][][][][][][][][][][][][][] 
 []

[5]

Package hyperref Warning: Suppressing link with empty target on input line 178.



Overfull \hbox (104.55148pt too wide) in paragraph at lines 194--195
[][][][][][][][][][][][][][][][][][] 
 []


Overfull \hbox (82.35141pt too wide) in paragraph at lines 214--215
[][][][][][][][][][][][][][][][][][][][][][] 
 []

[6]
LaTeX Font Info:    Font shape `OMS/cmr/m/n' in size <10> not available
(Font)              Font shape `OMS/cmsy/m/n' tried instead on input line 253.
 [7]
Overfull \hbox (10.56743pt too wide) in paragraph at lines 268--268
[]\OT1/cmr/m/n/10 Listing 13: |chap-ter8/iris[]classification[]xgboost/iris[]cl
assification[]library/src/lib.rs| 
 []


Overfull \hbox (10.56743pt too wide) in paragraph at lines 294--294
[]\OT1/cmr/m/n/10 Listing 14: |chap-ter8/iris[]classification[]xgboost/iris[]cl
assification[]library/src/lib.rs| 
 []

[8]
Overfull \hbox (10.56743pt too wide) in paragraph at lines 330--330
[]\OT1/cmr/m/n/10 Listing 15: |chap-ter8/iris[]classification[]xgboost/iris[]cl
assification[]library/src/lib.rs| 
 []

[9]
Overfull \hbox (4.26889pt too wide) in paragraph at lines 341--342
\OT1/cmr/m/n/10 we de-fine na-tive meth-ods un-der it fit and pre-dict. The [][
][][][]
 []


Overfull \hbox (80.07375pt too wide) in paragraph at lines 346--347
\OT1/cmr/m/n/10 wrap over our func-tion-al-ity. To make things sim-pler lets cr
e-ate a folder []
 []


Overfull \hbox (20.4286pt too wide) in paragraph at lines 348--348
[]\OT1/cmr/m/n/10 Listing 16: |chap-ter8/iris[]classification[]xgboost/iris[]cl
assification[]library/Cargo.toml| 
 []


Overfull \hbox (104.55148pt too wide) in paragraph at lines 356--357
[][][][][][][][][][][][][][][][][][][][][][][][][][][][][][][][][][][][] 
 []


Overfull \hbox (10.56743pt too wide) in paragraph at lines 366--366
[]\OT1/cmr/m/n/10 Listing 17: |chap-ter8/iris[]classification[]xgboost/iris[]cl
assification[]library/src/lib.rs| 
 []


Overfull \hbox (87.90143pt too wide) in paragraph at lines 374--375
[][][][][][][][][][][][][][][][][][][][][][] 
 []


Overfull \hbox (110.1015pt too wide) in paragraph at lines 375--376
[][][][][][][][][][][] 
 []


Overfull \hbox (37.95126pt too wide) in paragraph at lines 381--382
[][][][][][][][][][][][][][][][][] 
 []

[10]
Overfull \hbox (6.5234pt too wide) in paragraph at lines 393--394
[]\OT1/cmr/m/n/10 . In this way the []
 []


Overfull \hbox (115.11037pt too wide) in paragraph at lines 395--397
[]\OT1/cmr/m/n/10 Now the fit method is fine as this is a void method, but in c
ase of []
 []


Overfull \hbox (10.56743pt too wide) in paragraph at lines 400--400
[]\OT1/cmr/m/n/10 Listing 18: |chap-ter8/iris[]classification[]xgboost/iris[]cl
assification[]library/src/lib.rs| 
 []


Overfull \hbox (10.56743pt too wide) in paragraph at lines 414--414
[]\OT1/cmr/m/n/10 Listing 19: |chap-ter8/iris[]classification[]xgboost/iris[]cl
assification[]library/src/lib.rs| 
 []


Overfull \hbox (93.45145pt too wide) in paragraph at lines 418--419
[][][][][][][][][][][][][][][][][][][][][][][] 
 []

[11]
Overfull \hbox (1048.0546pt too wide) in paragraph at lines 420--421
[][][][][][][][][][][][][][][][][][][][][][][][][][][][][][][][][][][][][][][][
][][][][][][][][][][][][][][][][][][][][][][][][][][][][][][][][][][][][][][] 
 []


Overfull \hbox (265.50201pt too wide) in paragraph at lines 421--422
[][][][][][][][][][][][][][][][][][][][][][][][][][][][][][][][][][][][][][][][
][][] 
 []


Overfull \hbox (265.50201pt too wide) in paragraph at lines 422--423
[][][][][][][][][][][][][][][][][][][][][][][][][][][][][][][][][][][][][][][][
][][] 
 []


Overfull \hbox (265.50201pt too wide) in paragraph at lines 423--424
[][][][][][][][][][][][][][][][][][][][][][][][][][][][][][][][][][][][][][][][
][][] 
 []


Overfull \hbox (265.50201pt too wide) in paragraph at lines 425--426
[][][][][][][][][][][][][][][][][][][][][][][][][][][][][][][][][][][][][][][][
][][] 
 []


Overfull \hbox (265.50201pt too wide) in paragraph at lines 426--427
[][][][][][][][][][][][][][][][][][][][][][][][][][][][][][][][][][][][][][][][
][][] 
 []


Overfull \hbox (265.50201pt too wide) in paragraph at lines 427--428
[][][][][][][][][][][][][][][][][][][][][][][][][][][][][][][][][][][][][][][][
][][] 
 []


Overfull \hbox (432.00256pt too wide) in paragraph at lines 439--441
[][][][][][][][][][][][][][][][][][][][][][][][][][][][][] 
 []

[12] [13] [14]

Package hyperref Warning: Suppressing link with empty target on input line 576.



Overfull \hbox (116.8794pt too wide) in paragraph at lines 576--577
\OT1/cmr/m/n/10 toolchain. This means that we will run a com-mand like [][][][]
[][][][][][][][][][][]
 []

[15]
Overfull \hbox (32.40125pt too wide) in paragraph at lines 586--587
[][][][][][][][][][][][][][][][][][][][][][][][][][][][][][][][][][][] 
 []


Overfull \hbox (10.20117pt too wide) in paragraph at lines 599--600
[][][][][][][][][][][][][][][][][][][][]
 []


Overfull \hbox (4.65115pt too wide) in paragraph at lines 599--600
[][][][][][][][][][][][][][] 
 []


Overfull \hbox (43.50128pt too wide) in paragraph at lines 605--606
[][][][][][][][][][][][][][][][][][][][][][][][][][][][] 
 []


Overfull \hbox (21.30121pt too wide) in paragraph at lines 613--614
[][][][][][][][][][][][][][][][][][][][][][][][][] 
 []

<lambda_create_function.png, id=506, 1551.7975pt x 762.85pt>
File: lambda_create_function.png Graphic file (type png)
<use lambda_create_function.png>
Package pdftex.def Info: lambda_create_function.png  used on input line 620.
(pdftex.def)             Requested size: 276.00105pt x 135.67744pt.
<select_upl_zip.png, id=509, 972.63374pt x 523.9575pt>
File: select_upl_zip.png Graphic file (type png)
<use select_upl_zip.png>
Package pdftex.def Info: select_upl_zip.png  used on input line 629.
(pdftex.def)             Requested size: 276.00105pt x 148.68184pt.
<select_file.png, id=511, 1577.895pt x 408.52625pt>
File: select_file.png Graphic file (type png)
<use select_file.png>
Package pdftex.def Info: select_file.png  used on input line 638.
(pdftex.def)             Requested size: 276.00105pt x 71.45575pt.
<test_case.png, id=513, 888.31876pt x 496.85625pt>
File: test_case.png Graphic file (type png)
<use test_case.png>
Package pdftex.def Info: test_case.png  used on input line 647.
(pdftex.def)             Requested size: 172.5pt x 96.48097pt.
<run.png, id=515, 603.25375pt x 265.99374pt>
File: run.png Graphic file (type png)
<use run.png>
Package pdftex.def Info: run.png  used on input line 656.
(pdftex.def)             Requested size: 172.5pt x 76.06064pt.
[16] [17 <./lambda_create_function.png> <./select_upl_zip.png> <./select_file.p
ng>]

LaTeX Warning: Empty bibliography on input line 671.

Package atveryend Info: Empty hook `BeforeClearDocument' on input line 673.
[18 <./test_case.png> <./run.png>]
Package atveryend Info: Empty hook `AfterLastShipout' on input line 673.
 (output/using_rust_applications.aux)
Package atveryend Info: Executing hook `AtVeryEndDocument' on input line 673.
Package atveryend Info: Executing hook `AtEndAfterFileList' on input line 673.
Package rerunfilecheck Info: File `using_rust_applications.out' has not changed
.
(rerunfilecheck)             Checksum: <no file>.


LaTeX Warning: There were undefined references.


LaTeX Warning: Label(s) may have changed. Rerun to get cross-references right.


Package biblatex Warning: Please (re)run BibTeX on the file(s):
(biblatex)                using_rust_applications
(biblatex)                and rerun LaTeX afterwards.

Package logreq Info: Writing requests to 'using_rust_applications.run.xml'.
\openout1 = `using_rust_applications.run.xml'.

Package atveryend Info: Empty hook `AtVeryVeryEnd' on input line 673.
 ) 
Here is how much of TeX's memory you used:
 15368 strings out of 492616
 254216 string characters out of 6129481
 564711 words of memory out of 5000000
 18724 multiletter control sequences out of 15000+600000
 10681 words of font info for 39 fonts, out of 8000000 for 9000
 1141 hyphenation exceptions out of 8191
 42i,8n,42p,949b,1809s stack positions out of 5000i,500n,10000p,200000b,80000s
</usr/local/texlive/2019/texmf-dist/fonts/type1/public/amsfonts/cm/cmbx10.pfb
></usr/local/texlive/2019/texmf-dist/fonts/type1/public/amsfonts/cm/cmbx12.pfb>
</usr/local/texlive/2019/texmf-dist/fonts/type1/public/amsfonts/cm/cmmi9.pfb></
usr/local/texlive/2019/texmf-dist/fonts/type1/public/amsfonts/cm/cmr10.pfb></us
r/local/texlive/2019/texmf-dist/fonts/type1/public/amsfonts/cm/cmr12.pfb></usr/
local/texlive/2019/texmf-dist/fonts/type1/public/amsfonts/cm/cmr17.pfb></usr/lo
cal/texlive/2019/texmf-dist/fonts/type1/public/amsfonts/cm/cmr6.pfb></usr/local
/texlive/2019/texmf-dist/fonts/type1/public/amsfonts/cm/cmr7.pfb></usr/local/te
xlive/2019/texmf-dist/fonts/type1/public/amsfonts/cm/cmr8.pfb></usr/local/texli
ve/2019/texmf-dist/fonts/type1/public/amsfonts/cm/cmr9.pfb></usr/local/texlive/
2019/texmf-dist/fonts/type1/public/amsfonts/cm/cmsl10.pfb></usr/local/texlive/2
019/texmf-dist/fonts/type1/public/amsfonts/cm/cmsy10.pfb></usr/local/texlive/20
19/texmf-dist/fonts/type1/public/amsfonts/cm/cmsy9.pfb>
Output written on output/using_rust_applications.pdf (18 pages, 571336 bytes).
PDF statistics:
 687 PDF objects out of 1000 (max. 8388607)
 637 compressed objects within 7 object streams
 438 named destinations out of 1000 (max. 500000)
 66 words of extra memory for PDF output out of 10000 (max. 10000000)

